<?xml version="1.0" encoding="UTF-8"?>
<!-- Generated by org.testng.reporters.JUnitReportReporter -->
<testsuite hostname="DESKTOP-3CLNGKD" failures="0" tests="1" name="browserProgram.NewBrowser" time="23.403" errors="0" timestamp="10 Jan 2023 11:51:13 GMT" skipped="0">
  <testcase classname="browserProgram.NewBrowser" name="Browser" time="23.403"/>
</testsuite> <!-- browserProgram.NewBrowser -->
